<?xml version="1.0" encoding="UTF-8"?>
<!-- Generated by org.testng.reporters.JUnitReportReporter -->
<testsuite skipped="0" hostname="WKWIN1512713" name="Basics3CreateDelete" tests="1" failures="0" timestamp="13 Mar 2019 19:22:17 GMT" time="3.098" errors="0">
  <testcase name="restdemo" time="3.098" classname="Basics3CreateDelete"/>
</testsuite> <!-- Basics3CreateDelete -->
