<?xml version="1.0" encoding="UTF-8"?>
<!-- Generated by org.testng.reporters.JUnitReportReporter -->
<testsuite skipped="0" hostname="WKWIN1512713" name="Basics" tests="1" failures="0" timestamp="13 Mar 2019 17:58:53 GMT" time="2.208" errors="0">
  <testcase name="restdemo" time="2.208" classname="Basics"/>
</testsuite> <!-- Basics -->
