<?xml version="1.0" encoding="UTF-8"?>
<!-- Generated by org.testng.reporters.JUnitReportReporter -->
<testsuite skipped="0" hostname="WKWIN1512713" name="cucumberOptions.TestRunner" tests="1" failures="0" timestamp="06 Mar 2019 08:19:34 GMT" time="27.923" errors="0">
  <testcase name="feature" time="27.923" classname="cucumberOptions.TestRunner"/>
</testsuite> <!-- cucumberOptions.TestRunner -->
