<?xml version="1.0" encoding="UTF-8"?>
<!-- Generated by org.testng.reporters.JUnitReportReporter -->
<testsuite skipped="0" hostname="WKWIN1512713" name="assessment_AltoroMutual_Tests.AltoroMutual_Test" tests="4" failures="0" timestamp="09 Mar 2019 18:44:03 GMT" time="20.244" errors="0">
  <testcase name="online_banking_home_page_test" time="1.998" classname="assessment_AltoroMutual_Tests.AltoroMutual_Test"/>
  <testcase name="transfer_fund_page_test" time="1.472" classname="assessment_AltoroMutual_Tests.AltoroMutual_Test"/>
  <testcase name="account_information_page_test" time="3.775" classname="assessment_AltoroMutual_Tests.AltoroMutual_Test"/>
  <testcase name="login_page_test" time="12.999" classname="assessment_AltoroMutual_Tests.AltoroMutual_Test"/>
</testsuite> <!-- assessment_AltoroMutual_Tests.AltoroMutual_Test -->
