<?xml version="1.0" encoding="UTF-8"?>
<!-- Generated by org.testng.reporters.JUnitReportReporter -->
<testsuite skipped="1" hostname="WKWIN1512713" name="org.demo.selenium.test.MercuryTest" tests="2" failures="0" timestamp="10 Mar 2019 02:01:08 GMT" time="29.258" errors="0">
  <testcase name="ValidLoginToMercury" time="29.258" classname="org.demo.selenium.test.MercuryTest"/>
  <testcase name="InvalidLoginToMercury" classname="org.demo.selenium.test.MercuryTest">
    <skipped/>
  </testcase> <!-- InvalidLoginToMercury -->
</testsuite> <!-- org.demo.selenium.test.MercuryTest -->
