<?xml version="1.0" encoding="UTF-8"?>
<!-- Generated by org.testng.reporters.JUnitReportReporter -->
<testsuite skipped="0" hostname="WKWIN1512713" name="cucumberOptions.TestRunner" tests="2" failures="0" timestamp="09 Mar 2019 05:09:19 GMT" time="27.735" errors="0">
  <testcase name="feature" time="27.604" classname="cucumberOptions.TestRunner"/>
  <testcase name="feature" time="0.131" classname="cucumberOptions.TestRunner"/>
</testsuite> <!-- cucumberOptions.TestRunner -->
