<?xml version="1.0" encoding="UTF-8"?>
<!-- Generated by org.testng.reporters.JUnitReportReporter -->
<testsuite skipped="1" hostname="WKWIN1512713" name="assessment_AltoroMutual_Tests.FacebookTest" tests="2" failures="0" timestamp="10 Mar 2019 15:00:22 GMT" time="10.067" errors="0">
  <testcase name="login1" time="10.067" classname="assessment_AltoroMutual_Tests.FacebookTest"/>
  <testcase name="login2" classname="assessment_AltoroMutual_Tests.FacebookTest">
    <skipped/>
  </testcase> <!-- login2 -->
</testsuite> <!-- assessment_AltoroMutual_Tests.FacebookTest -->
