<?xml version="1.0" encoding="UTF-8"?>
<!-- Generated by org.testng.reporters.JUnitReportReporter -->
<testsuite skipped="0" hostname="WKWIN1512713" name="assessment_AltoroMutual_Tests.AltoroMutual_Test" tests="4" failures="0" timestamp="13 Mar 2019 13:40:33 GMT" time="10.905" errors="0">
  <testcase name="account_information_page_test" time="4.014" classname="assessment_AltoroMutual_Tests.AltoroMutual_Test"/>
  <testcase name="transfer_fund_page_test" time="1.559" classname="assessment_AltoroMutual_Tests.AltoroMutual_Test"/>
  <testcase name="online_banking_home_page_test" time="1.613" classname="assessment_AltoroMutual_Tests.AltoroMutual_Test"/>
  <testcase name="login_page_test" time="3.719" classname="assessment_AltoroMutual_Tests.AltoroMutual_Test"/>
</testsuite> <!-- assessment_AltoroMutual_Tests.AltoroMutual_Test -->
