<?xml version="1.0" encoding="UTF-8"?>
<!-- Generated by org.testng.reporters.JUnitReportReporter -->
<testsuite skipped="0" hostname="WKWIN1512713" name="testexample.testngbasic2" tests="4" failures="0" timestamp="14 Feb 2019 13:14:53 GMT" time="0.011" errors="0">
  <testcase name="sachin1" time="0.004" classname="testexample.testngbasic2"/>
  <testcase name="tc1" time="0.002" classname="testexample.testngbasic2"/>
  <testcase name="tc2" time="0.002" classname="testexample.testngbasic2"/>
  <testcase name="sachin2" time="0.003" classname="testexample.testngbasic2"/>
</testsuite> <!-- testexample.testngbasic2 -->
