<?xml version="1.0" encoding="UTF-8"?>
<!-- Generated by org.testng.reporters.JUnitReportReporter -->
<testsuite skipped="0" hostname="WKWIN1512713" name="testexample.testngbasic1" tests="4" failures="0" timestamp="14 Feb 2019 15:25:29 GMT" time="0.018" errors="0">
  <testcase name="regression1" time="0.002" classname="testexample.testngbasic1"/>
  <testcase name="regression2" time="0.002" classname="testexample.testngbasic1"/>
  <testcase name="regression3" time="0.002" classname="testexample.testngbasic1"/>
  <testcase name="globalData" time="0.012" classname="testexample.testngbasic1"/>
</testsuite> <!-- testexample.testngbasic1 -->
