<?xml version="1.0" encoding="UTF-8"?>
<!-- Generated by org.testng.reporters.JUnitReportReporter -->
<testsuite skipped="0" hostname="WKWIN1512713" name="testexample.testngLogin" tests="3" failures="0" timestamp="14 Feb 2019 13:14:53 GMT" time="0.001" errors="0">
  <testcase name="apiLogin" time="0.001" classname="testexample.testngLogin"/>
  <testcase name="webLogin" time="0.000" classname="testexample.testngLogin"/>
  <testcase name="mobileLogin" time="0.000" classname="testexample.testngLogin"/>
</testsuite> <!-- testexample.testngLogin -->
