<?xml version="1.0" encoding="UTF-8"?>
<!-- Generated by org.testng.reporters.JUnitReportReporter -->
<testsuite skipped="0" hostname="WKWIN1512713" name="testexercise.testng2" tests="1" failures="0" timestamp="14 Feb 2019 13:14:53 GMT" time="0.003" errors="0">
  <testcase name="demo2" time="0.003" classname="testexercise.testng2"/>
</testsuite> <!-- testexercise.testng2 -->
