<?xml version="1.0" encoding="UTF-8"?>
<!-- Generated by org.testng.reporters.JUnitReportReporter -->
<testsuite skipped="0" hostname="WKWIN1512713" name="moduleSelenium.ModuleSeleniumFirstTest" tests="2" failures="0" timestamp="14 Feb 2019 20:33:31 GMT" time="0.007" errors="0">
  <testcase name="SeleniumBrowserAutomation" time="0.005" classname="moduleSelenium.ModuleSeleniumFirstTest"/>
  <testcase name="SeleniumelementsUi" time="0.002" classname="moduleSelenium.ModuleSeleniumFirstTest"/>
</testsuite> <!-- moduleSelenium.ModuleSeleniumFirstTest -->
