<?xml version="1.0" encoding="UTF-8"?>
<!-- Generated by org.testng.reporters.JUnitReportReporter -->
<testsuite skipped="3" hostname="WKWIN1512713" name="suiteBase.SeleniumTest" tests="5" failures="0" timestamp="16 Feb 2019 07:30:37 GMT" time="25.848" errors="0">
  <testcase name="launchURL" time="3.548" classname="suiteBase.SeleniumTest"/>
  <testcase name="alertExample" time="22.300" classname="suiteBase.SeleniumTest"/>
  <testcase name="mouseHoverExample" classname="suiteBase.SeleniumTest">
    <skipped/>
  </testcase> <!-- mouseHoverExample -->
  <testcase name="syncLogin" classname="suiteBase.SeleniumTest">
    <skipped/>
  </testcase> <!-- syncLogin -->
  <testcase name="windowHandle" classname="suiteBase.SeleniumTest">
    <skipped/>
  </testcase> <!-- windowHandle -->
</testsuite> <!-- suiteBase.SeleniumTest -->
