<?xml version="1.0" encoding="UTF-8"?>
<!-- Generated by org.testng.reporters.JUnitReportReporter -->
<testsuite skipped="0" hostname="WKWIN1512713" name="suiteBase.demo" tests="1" failures="0" timestamp="16 Feb 2019 07:32:36 GMT" time="0.003" errors="0">
  <testcase name="demo1" time="0.003" classname="suiteBase.demo"/>
</testsuite> <!-- suiteBase.demo -->
