<?xml version="1.0" encoding="UTF-8"?>
<!-- Generated by org.testng.reporters.JUnitReportReporter -->
<testsuite skipped="4" hostname="WKWIN1512713" name="suiteBase.Selenium" tests="6" failures="0" timestamp="16 Feb 2019 09:59:35 GMT" time="7.555" errors="0">
  <testcase name="webTable" time="0.026" classname="suiteBase.Selenium"/>
  <testcase name="launchURL" time="7.529" classname="suiteBase.Selenium"/>
  <testcase name="mouseHoverExample" classname="suiteBase.Selenium">
    <skipped/>
  </testcase> <!-- mouseHoverExample -->
  <testcase name="alertExample" classname="suiteBase.Selenium">
    <skipped/>
  </testcase> <!-- alertExample -->
  <testcase name="syncLogin" classname="suiteBase.Selenium">
    <skipped/>
  </testcase> <!-- syncLogin -->
  <testcase name="windowHandle" classname="suiteBase.Selenium">
    <skipped/>
  </testcase> <!-- windowHandle -->
</testsuite> <!-- suiteBase.Selenium -->
