<?xml version="1.0" encoding="UTF-8"?>
<!-- Generated by org.testng.reporters.JUnitReportReporter -->
<testsuite skipped="1" hostname="WKWIN1512713" name="suiteBase.webTable" tests="3" failures="0" timestamp="16 Feb 2019 08:27:49 GMT" time="0.005" errors="0">
  <testcase name="launchURL" time="0.003" classname="suiteBase.webTable"/>
  <testcase name="alertExample" time="0.002" classname="suiteBase.webTable"/>
  <testcase name="test" classname="suiteBase.webTable">
    <skipped/>
  </testcase> <!-- test -->
</testsuite> <!-- suiteBase.webTable -->
